<?xml version="1.0" encoding="UTF-8"?>
<!-- Generated by org.testng.reporters.JUnitXMLReporter -->
<testsuite ignored="0" hostname="yurii-HP-Pavilion-Notebook" failures="0" tests="8" name="testSuiteRozetka" time="86.713" errors="0" timestamp="10 Sep 2021 10:45:08 GMT">
  <testcase classname="labTest.SumVerifyTest" name="givenFilter_whenProductsPageSearch_thenSuccess" time="17.481"/>
  <testcase classname="labTest.SumVerifyTest" name="givenFilter_whenProductsPageSearch_thenSuccess" time="17.559"/>
  <testcase classname="labTest.SumVerifyTest" name="givenFilter_whenProductsPageSearch_thenSuccess" time="17.887"/>
  <testcase classname="labTest.SumVerifyTest" name="givenFilter_whenProductsPageSearch_thenSuccess" time="17.836"/>
  <testcase classname="labTest.SumVerifyTest" name="givenFilter_whenTheMostExpensiveProductAddedToCart_thenTotalPriceLessThanBound" time="44.29"/>
  <testcase classname="labTest.SumVerifyTest" name="givenFilter_whenTheMostExpensiveProductAddedToCart_thenTotalPriceLessThanBound" time="56.548"/>
  <testcase classname="labTest.SumVerifyTest" name="givenFilter_whenTheMostExpensiveProductAddedToCart_thenTotalPriceLessThanBound" time="58.423"/>
  <testcase classname="labTest.SumVerifyTest" name="givenFilter_whenTheMostExpensiveProductAddedToCart_thenTotalPriceLessThanBound" time="59.016"/>
</testsuite> <!-- testSuiteRozetka -->
